   ▲ Next.js 15.4.2 (Turbopack)
   - Environments: .env

   Creating an optimized production build ...
 ✓ Compiled successfully in 7.0s
   Linting and checking validity of types ...

./components/features/modals/share-modal.tsx
214:13  Warning: Unused eslint-disable directive (no problems were reported from 'no-console').

./components/features/viewer/ViewerActions.tsx
562:19  Warning: Unused eslint-disable directive (no problems were reported from 'no-console').

./lib/store/backend.ts
401:15  Warning: Unused eslint-disable directive (no problems were reported from 'no-console').

info  - Need to disable some ESLint rules? Learn more here: https://nextjs.org/docs/app/api-reference/config/eslint#disabling-rules
Failed to compile.

./components/layout/dynamic-breadcrumb.tsx:71:22
Type error: 'pathname' is possibly 'null'.

[0m [90m 69 |[39m
 [90m 70 |[39m   [36mconst[39m breadcrumbs [33m=[39m useMemo(() [33m=>[39m {
[31m[1m>[22m[39m[90m 71 |[39m     [36mconst[39m segments [33m=[39m pathname[33m.[39msplit([32m'/'[39m)[33m.[39mfilter([33mBoolean[39m)[33m;[39m
 [90m    |[39m                      [31m[1m^[22m[39m
 [90m 72 |[39m     [36mconst[39m items[33m:[39m [33mBreadcrumbSegment[39m[] [33m=[39m [][33m;[39m
 [90m 73 |[39m
 [90m 74 |[39m     [90m// Always add home icon (no label text)[39m[0m
Next.js build worker exited with code: 1 and signal: null
