   ▲ Next.js 15.4.2 (Turbopack)
   - Environments: .env

   Creating an optimized production build ...
 ✓ Compiled successfully in 6.0s
   Linting and checking validity of types ...

./components/features/modals/share-modal.tsx
214:13  Warning: Unused eslint-disable directive (no problems were reported from 'no-console').

./components/features/viewer/ViewerActions.tsx
562:19  Warning: Unused eslint-disable directive (no problems were reported from 'no-console').

./lib/store/backend.ts
401:15  Warning: Unused eslint-disable directive (no problems were reported from 'no-console').

info  - Need to disable some ESLint rules? Learn more here: https://nextjs.org/docs/app/api-reference/config/eslint#disabling-rules
Failed to compile.

./app/share/[id]/page.tsx:12:9
Type error: 'params' is possibly 'null'.

[0m [90m 10 |[39m   useEffect(() [33m=>[39m {
 [90m 11 |[39m     [90m// Redirect to viewer page[39m
[31m[1m>[22m[39m[90m 12 |[39m     [36mif[39m (params[33m.[39mid [33m&&[39m [36mtypeof[39m params[33m.[39mid [33m===[39m [32m'string'[39m) {
 [90m    |[39m         [31m[1m^[22m[39m
 [90m 13 |[39m       router[33m.[39mreplace([32m`/library/${params.id}`[39m)[33m;[39m
 [90m 14 |[39m     } [36melse[39m {
 [90m 15 |[39m       router[33m.[39mreplace([32m'/'[39m)[33m;[39m[0m
Next.js build worker exited with code: 1 and signal: null
