   ▲ Next.js 15.4.2 (Turbopack)
   - Environments: .env

   Creating an optimized production build ...
 ✓ Compiled successfully in 6.0s
   Linting and checking validity of types ...

./components/features/modals/share-modal.tsx
214:13  Warning: Unused eslint-disable directive (no problems were reported from 'no-console').

./components/features/viewer/ViewerActions.tsx
562:19  Warning: Unused eslint-disable directive (no problems were reported from 'no-console').

./lib/store/backend.ts
401:15  Warning: Unused eslint-disable directive (no problems were reported from 'no-console').

info  - Need to disable some ESLint rules? Learn more here: https://nextjs.org/docs/app/api-reference/config/eslint#disabling-rules
Failed to compile.

./app/library/[id]/page.tsx:112:20
Type error: 'params' is possibly 'null'.

[0m [90m 110 |[39m             [33m<[39m[33mh1[39m className[33m=[39m[32m"text-2xl font-bold"[39m[33m>[39m[33mJSON[39m [33mDocument[39m[33m<[39m[33m/[39m[33mh1[39m[33m>[39m
 [90m 111 |[39m             [33m<[39m[33mp[39m className[33m=[39m[32m"text-muted-foreground"[39m[33m>[39m
[31m[1m>[22m[39m[90m 112 |[39m               [33mID[39m[33m:[39m {params[33m.[39mid} • [33mCreated[39m {createdAt[33m?[39m[33m.[39mtoLocaleDateString() [33m||[39m [32m'Recently'[39m}
 [90m     |[39m                    [31m[1m^[22m[39m
 [90m 113 |[39m             [33m<[39m[33m/[39m[33mp[39m[33m>[39m
 [90m 114 |[39m           [33m<[39m[33m/[39m[33mdiv[39m[33m>[39m
 [90m 115 |[39m         [33m<[39m[33m/[39m[33mdiv[39m[33m>[39m[0m
Next.js build worker exited with code: 1 and signal: null
