   ▲ Next.js 15.4.2 (Turbopack)
   - Environments: .env

   Creating an optimized production build ...
 ✓ Compiled successfully in 6.0s
   Linting and checking validity of types ...

./components/features/modals/share-modal.tsx
214:13  Warning: Unused eslint-disable directive (no problems were reported from 'no-console').

./components/features/viewer/ViewerActions.tsx
562:19  Warning: Unused eslint-disable directive (no problems were reported from 'no-console').

./lib/store/backend.ts
401:15  Warning: Unused eslint-disable directive (no problems were reported from 'no-console').

info  - Need to disable some ESLint rules? Learn more here: https://nextjs.org/docs/app/api-reference/config/eslint#disabling-rules
Failed to compile.

./app/library/[id]/page.tsx:28:18
Type error: 'params' is possibly 'null'.

[0m [90m 26 |[39m   useEffect(() [33m=>[39m {
 [90m 27 |[39m     [36mconst[39m loadJsonContent [33m=[39m [36masync[39m () [33m=>[39m {
[31m[1m>[22m[39m[90m 28 |[39m       [36mconst[39m id [33m=[39m params[33m.[39mid [36mas[39m string[33m;[39m
 [90m    |[39m                  [31m[1m^[22m[39m
 [90m 29 |[39m
 [90m 30 |[39m       [36mif[39m ([33m![39mid) {
 [90m 31 |[39m         setLoading([36mfalse[39m)[33m;[39m[0m
Next.js build worker exited with code: 1 and signal: null
