BUILD_START
   ▲ Next.js 15.4.2 (Turbopack)
   - Environments: .env

   Creating an optimized production build ...
 ✓ Compiled successfully in 6.0s
   Linting and checking validity of types ...

./components/features/modals/share-modal.tsx
214:13  Warning: Unused eslint-disable directive (no problems were reported from 'no-console').

./components/features/viewer/ViewerActions.tsx
562:19  Warning: Unused eslint-disable directive (no problems were reported from 'no-console').

./lib/store/backend.ts
401:15  Warning: Unused eslint-disable directive (no problems were reported from 'no-console').

info  - Need to disable some ESLint rules? Learn more here: https://nextjs.org/docs/app/api-reference/config/eslint#disabling-rules
Failed to compile.

./app/embed/[id]/page.tsx:41:17
Type error: 'searchParams' is possibly 'null'.

[0m [90m 39 |[39m
 [90m 40 |[39m   [90m// Parse URL parameters[39m
[31m[1m>[22m[39m[90m 41 |[39m   [36mconst[39m theme [33m=[39m searchParams[33m.[39m[36mget[39m([32m'theme'[39m) [33m||[39m [32m'auto'[39m[33m;[39m
 [90m    |[39m                 [31m[1m^[22m[39m
 [90m 42 |[39m   [36mconst[39m height [33m=[39m parseInt(searchParams[33m.[39m[36mget[39m([32m'height'[39m) [33m||[39m [32m'400'[39m)[33m;[39m
 [90m 43 |[39m   [36mconst[39m showCopy [33m=[39m searchParams[33m.[39m[36mget[39m([32m'copy'[39m) [33m!==[39m [32m'false'[39m[33m;[39m
 [90m 44 |[39m   [36mconst[39m showDownload [33m=[39m searchParams[33m.[39m[36mget[39m([32m'download'[39m) [33m===[39m [32m'true'[39m[33m;[39m[0m
Next.js build worker exited with code: 1 and signal: null
